mode: set
scenario/internal/context/context.go:16.68,21.2 1 1
scenario/internal/context/context.go:24.55,27.2 2 1
scenario/internal/context/context.go:30.59,34.66 3 1
scenario/internal/context/context.go:34.66,36.3 1 0
scenario/internal/context/context.go:58.56,60.32 2 1
scenario/internal/context/context.go:66.2,68.4 1 1
scenario/internal/context/context.go:60.32,62.3 1 1
scenario/internal/context/context.go:62.8,64.3 1 1
scenario/internal/repo/card.go:21.24,23.2 1 1
scenario/internal/repo/card.go:26.29,28.2 1 1
scenario/internal/repo/card.go:31.28,33.2 1 1
scenario/internal/repo/card.go:35.13,37.40 2 1
scenario/internal/repo/card.go:37.40,39.26 2 0
scenario/internal/repo/card.go:43.3,43.13 1 0
scenario/internal/repo/card.go:39.26,41.4 1 0
scenario/internal/repo/card.go:49.41,57.41 2 1
scenario/internal/repo/card.go:61.2,61.14 1 1
scenario/internal/repo/card.go:57.41,59.3 1 1
scenario/internal/repo/card.go:66.40,74.41 2 1
scenario/internal/repo/card.go:78.2,78.14 1 1
scenario/internal/repo/card.go:74.41,76.3 1 1
scenario/internal/repo/card.go:83.39,85.2 1 1
scenario/internal/repo/card.go:89.38,97.39 2 1
scenario/internal/repo/card.go:101.2,101.13 1 1
scenario/internal/repo/card.go:97.39,99.3 1 1
scenario/internal/repo/card.go:105.21,111.29 4 1
scenario/internal/repo/card.go:111.29,112.32 1 1
scenario/internal/repo/card.go:112.32,120.4 2 1
scenario/internal/repo/deck.go:31.13,34.2 2 1
scenario/internal/repo/deck.go:36.48,40.2 2 1
scenario/internal/repo/repo.go:24.29,26.2 1 1
scenario/internal/repo/repo.go:29.29,31.2 1 0
scenario/internal/repo/repo.go:34.33,36.2 1 0
scenario/internal/repo/repo.go:39.64,42.45 2 1
scenario/internal/repo/repo.go:42.45,44.3 1 1
scenario/internal/repo/repo.go:48.27,50.16 2 0
scenario/internal/repo/repo.go:54.2,56.12 2 0
scenario/internal/repo/repo.go:50.16,52.3 1 0
scenario/internal/repo/repo.go:60.28,62.70 1 0
scenario/internal/repo/repo.go:66.2,66.74 1 0
scenario/internal/repo/repo.go:70.2,70.12 1 0
scenario/internal/repo/repo.go:62.70,64.3 1 0
scenario/internal/repo/repo.go:66.74,68.3 1 0
scenario/internal/repo/repo.go:74.48,76.16 2 0
scenario/internal/repo/repo.go:80.2,92.48 3 0
scenario/internal/repo/repo.go:100.2,100.16 1 0
scenario/internal/repo/repo.go:104.2,104.18 1 0
scenario/internal/repo/repo.go:76.16,78.3 1 0
scenario/internal/repo/repo.go:92.48,94.3 1 0
scenario/internal/repo/repo.go:94.8,98.3 1 0
scenario/internal/repo/repo.go:100.16,102.3 1 0
scenario/internal/repo/repo.go:108.34,111.38 2 0
scenario/internal/repo/repo.go:122.2,122.21 1 0
scenario/internal/repo/repo.go:112.18,113.53 1 0
scenario/internal/repo/repo.go:114.16,115.65 1 0
scenario/internal/repo/repo.go:116.16,117.28 1 0
scenario/internal/repo/repo.go:118.10,119.83 1 0
scenario/internal/repo/repo.go:126.50,128.2 1 0
scenario/internal/api/deck/deck.go:20.57,65.16 4 1
scenario/internal/api/deck/deck.go:76.2,76.52 1 1
scenario/internal/api/deck/deck.go:65.16,67.41 1 1
scenario/internal/api/deck/deck.go:73.3,73.9 1 1
scenario/internal/api/deck/deck.go:67.41,69.4 1 1
scenario/internal/api/deck/deck.go:69.9,71.4 1 0
scenario/internal/api/deck/deck.go:85.55,125.16 4 1
scenario/internal/api/deck/deck.go:137.2,137.56 1 1
scenario/internal/api/deck/deck.go:125.16,126.35 1 1
scenario/internal/api/deck/deck.go:134.3,134.9 1 1
scenario/internal/api/deck/deck.go:126.35,128.4 1 1
scenario/internal/api/deck/deck.go:128.9,128.45 1 1
scenario/internal/api/deck/deck.go:128.45,130.4 1 1
scenario/internal/api/deck/deck.go:130.9,132.4 1 0
scenario/internal/api/deck/deck.go:147.55,193.16 4 1
scenario/internal/api/deck/deck.go:206.2,206.49 1 1
scenario/internal/api/deck/deck.go:193.16,195.45 1 1
scenario/internal/api/deck/deck.go:203.3,203.9 1 1
scenario/internal/api/deck/deck.go:195.45,197.4 1 1
scenario/internal/api/deck/deck.go:197.9,197.45 1 1
scenario/internal/api/deck/deck.go:197.45,199.4 1 1
scenario/internal/api/deck/deck.go:199.9,201.4 1 0
scenario/internal/models/error.go:11.45,15.2 2 1
scenario/internal/models/error.go:18.48,20.2 1 1
scenario/internal/models/error.go:28.47,32.2 2 1
scenario/internal/models/error.go:35.50,37.2 1 1
scenario/internal/models/error.go:45.45,47.2 1 1
scenario/internal/models/error.go:50.42,54.2 2 1
scenario/internal/models/error.go:62.39,66.2 2 1
scenario/internal/models/error.go:69.42,71.2 1 1
scenario/internal/models/error.go:80.54,82.2 1 1
scenario/internal/models/error.go:85.51,89.2 2 1
scenario/internal/models/card.go:14.46,16.26 2 1
scenario/internal/models/card.go:24.2,24.17 1 1
scenario/internal/models/card.go:16.26,22.3 1 1
scenario/internal/models/deck.go:23.37,29.2 1 1
scenario/internal/models/deck.go:32.55,40.31 2 1
scenario/internal/models/deck.go:48.2,48.17 1 1
scenario/internal/models/deck.go:40.31,46.3 1 1
scenario/internal/api/api.go:34.26,46.67 4 1
scenario/internal/api/api.go:52.2,52.43 1 1
scenario/internal/api/api.go:65.2,65.15 1 1
scenario/internal/api/api.go:46.67,50.3 2 1
scenario/internal/api/api.go:52.43,56.39 2 1
scenario/internal/api/api.go:56.39,62.4 2 1
scenario/internal/service/deck.go:24.61,29.22 3 1
scenario/internal/service/deck.go:50.2,50.19 1 1
scenario/internal/service/deck.go:54.2,57.26 3 1
scenario/internal/service/deck.go:65.2,65.52 1 1
scenario/internal/service/deck.go:69.2,69.18 1 1
scenario/internal/service/deck.go:29.22,32.3 1 1
scenario/internal/service/deck.go:32.8,35.52 2 1
scenario/internal/service/deck.go:39.3,42.30 3 1
scenario/internal/service/deck.go:35.52,37.4 1 1
scenario/internal/service/deck.go:42.30,43.44 1 1
scenario/internal/service/deck.go:43.44,46.5 2 1
scenario/internal/service/deck.go:50.19,51.43 1 1
scenario/internal/service/deck.go:51.43,51.86 1 1
scenario/internal/service/deck.go:57.26,63.3 1 1
scenario/internal/service/deck.go:65.52,67.3 1 0
scenario/internal/service/deck.go:73.53,74.43 1 1
scenario/internal/service/deck.go:78.2,82.59 3 1
scenario/internal/service/deck.go:86.2,86.25 1 1
scenario/internal/service/deck.go:94.2,94.18 1 1
scenario/internal/service/deck.go:74.43,76.3 1 1
scenario/internal/service/deck.go:82.59,84.3 1 1
scenario/internal/service/deck.go:86.25,87.54 1 1
scenario/internal/service/deck.go:91.3,91.60 1 0
scenario/internal/service/deck.go:87.54,89.4 1 1
scenario/internal/service/deck.go:98.75,99.43 1 1
scenario/internal/service/deck.go:103.2,107.59 3 1
scenario/internal/service/deck.go:112.2,112.25 1 1
scenario/internal/service/deck.go:121.2,121.55 1 1
scenario/internal/service/deck.go:127.2,127.48 1 1
scenario/internal/service/deck.go:144.2,144.16 1 1
scenario/internal/service/deck.go:148.2,148.24 1 1
scenario/internal/service/deck.go:99.43,101.3 1 1
scenario/internal/service/deck.go:107.59,109.3 1 1
scenario/internal/service/deck.go:112.25,113.54 1 1
scenario/internal/service/deck.go:117.3,117.60 1 0
scenario/internal/service/deck.go:113.54,115.4 1 1
scenario/internal/service/deck.go:121.55,123.3 1 1
scenario/internal/service/deck.go:127.48,130.26 2 1
scenario/internal/service/deck.go:135.3,137.26 3 1
scenario/internal/service/deck.go:142.3,142.13 1 1
scenario/internal/service/deck.go:130.26,132.4 1 0
scenario/internal/service/deck.go:137.26,139.4 1 0
scenario/internal/service/deck.go:144.16,146.3 1 0
scenario/internal/service/deck.go:152.42,155.29 2 1
scenario/internal/service/deck.go:183.2,183.12 1 1
scenario/internal/service/deck.go:155.29,156.46 1 1
scenario/internal/service/deck.go:162.3,164.56 2 1
scenario/internal/service/deck.go:170.3,176.71 5 1
scenario/internal/service/deck.go:156.46,160.4 1 1
scenario/internal/service/deck.go:164.56,168.4 1 1
scenario/internal/service/deck.go:176.71,180.4 1 1
scenario/internal/service/deck.go:187.34,188.42 1 1
scenario/internal/service/deck.go:194.2,194.12 1 1
scenario/internal/service/deck.go:188.42,192.3 1 1
